<?xml version="1.0" encoding="UTF-8"?>
<testng-results ignored="0" total="1" passed="1" failed="0" skipped="0">
  <reporter-output>
  </reporter-output>
  <suite started-at="2021-09-19T23:22:55Z" name="Default suite" finished-at="2021-09-19T23:23:14Z" duration-ms="19613">
    <groups>
    </groups>
    <test started-at="2021-09-19T23:22:55Z" name="Default test" finished-at="2021-09-19T23:23:14Z" duration-ms="19613">
      <class name="loginTests.TC_04">
        <test-method is-config="true" signature="startWebDriver()[pri:0, instance:loginTests.TC_04@28276e50]" started-at="2021-09-19T20:22:55Z" name="startWebDriver" finished-at="2021-09-19T20:22:58Z" duration-ms="2647" status="PASS">
          <reporter-output>
          </reporter-output>
        </test-method> <!-- startWebDriver -->
        <test-method signature="TC_04_correctData()[pri:0, instance:loginTests.TC_04@28276e50]" started-at="2021-09-19T20:22:58Z" name="TC_04_correctData" finished-at="2021-09-19T20:23:14Z" duration-ms="16759" status="PASS">
          <reporter-output>
          </reporter-output>
        </test-method> <!-- TC_04_correctData -->
        <test-method is-config="true" signature="close()[pri:0, instance:loginTests.TC_04@28276e50]" started-at="2021-09-19T20:23:14Z" name="close" finished-at="2021-09-19T20:23:14Z" duration-ms="197" status="PASS">
          <reporter-output>
          </reporter-output>
        </test-method> <!-- close -->
      </class> <!-- loginTests.TC_04 -->
    </test> <!-- Default test -->
  </suite> <!-- Default suite -->
</testng-results>
