<?xml version="1.0" encoding="UTF-8"?>
<testng-results ignored="0" total="1" passed="1" failed="0" skipped="0">
  <reporter-output>
  </reporter-output>
  <suite started-at="2021-09-14T18:19:51Z" name="Default suite" finished-at="2021-09-14T18:20:17Z" duration-ms="26658">
    <groups>
    </groups>
    <test started-at="2021-09-14T18:19:51Z" name="Default test" finished-at="2021-09-14T18:20:17Z" duration-ms="26658">
      <class name="pruebaEntrevista.TestPrueba">
        <test-method signature="f()[pri:0, instance:pruebaEntrevista.TestPrueba@4686afc2]" started-at="2021-09-14T15:19:51Z" name="f" finished-at="2021-09-14T15:20:17Z" duration-ms="26645" status="PASS">
          <reporter-output>
          </reporter-output>
        </test-method> <!-- f -->
      </class> <!-- pruebaEntrevista.TestPrueba -->
    </test> <!-- Default test -->
  </suite> <!-- Default suite -->
</testng-results>
